<?xml version="1.0" encoding="UTF-8"?>
<!-- Generated by org.testng.reporters.JUnitReportReporter -->
<testsuite skipped="0" hostname="LT-ECOM-2F078" name="com.karvy.courier.test.service.CollegeServiceImplTest" tests="1" failures="0" timestamp="28 Jan 2019 06:32:45 GMT" time="15.129" errors="0">
  <testcase name="getCollegeListTest" time="15.129" classname="com.karvy.courier.test.service.CollegeServiceImplTest"/>
</testsuite> <!-- com.karvy.courier.test.service.CollegeServiceImplTest -->
