<?xml version="1.0" encoding="UTF-8"?>
<!-- Generated by org.testng.reporters.JUnitReportReporter -->
<testsuite skipped="0" hostname="LT-ECOM-2F078" name="com.karvy.courier.test.CollegeControllerTest" tests="15" failures="0" timestamp="28 Jan 2019 06:31:08 GMT" time="60.071" errors="0">
  <testcase name="shouldSupplyStreamData" time="0.005" classname="com.karvy.courier.test.CollegeControllerTest"/>
  <testcase name="test" time="0.002" classname="com.karvy.courier.test.CollegeControllerTest"/>
  <testcase name="test4" time="0.002" classname="com.karvy.courier.test.CollegeControllerTest"/>
  <testcase name="collegeListTest" time="60.029" classname="com.karvy.courier.test.CollegeControllerTest"/>
  <testcase name="test" time="0.004" classname="com.karvy.courier.test.CollegeControllerTest"/>
  <testcase name="test4" time="0.003" classname="com.karvy.courier.test.CollegeControllerTest"/>
  <testcase name="test4" time="0.003" classname="com.karvy.courier.test.CollegeControllerTest"/>
  <testcase name="testIsStringLengthGreate" time="0.003" classname="com.karvy.courier.test.CollegeControllerTest"/>
  <testcase name="shouldSupplyStreamData" time="0.006" classname="com.karvy.courier.test.CollegeControllerTest"/>
  <testcase name="testIsStringLengthGreaterThanTwo" time="0.002" classname="com.karvy.courier.test.CollegeControllerTest"/>
  <testcase name="testIsStringLengthGreaterThanTwo" time="0.003" classname="com.karvy.courier.test.CollegeControllerTest"/>
  <testcase name="testIsStringLengthGreaterThanTwo" time="0.002" classname="com.karvy.courier.test.CollegeControllerTest"/>
  <testcase name="testIsStringLengthGreaterThanTwo" time="0.002" classname="com.karvy.courier.test.CollegeControllerTest"/>
  <testcase name="testIsStringLengthGreaterThanTwo" time="0.003" classname="com.karvy.courier.test.CollegeControllerTest"/>
  <testcase name="test4" time="0.002" classname="com.karvy.courier.test.CollegeControllerTest"/>
</testsuite> <!-- com.karvy.courier.test.CollegeControllerTest -->
