<?xml version="1.0" encoding="UTF-8"?>
<!-- Generated by org.testng.reporters.JUnitReportReporter -->
<testsuite skipped="0" hostname="LT-ECOM-2F078" name="com.karvy.courier.test.CollegeTest1" tests="1" failures="0" timestamp="23 Jan 2019 12:03:02 GMT" time="17.780" errors="0">
  <testcase name="f" time="17.780" classname="com.karvy.courier.test.CollegeTest1"/>
</testsuite> <!-- com.karvy.courier.test.CollegeTest1 -->
